app/build/intermediates/manifest_merge_blame_file/debug/processDebugMainManifest/manifest-merger-blame-debug-report.txt
1<?xml version="1.0" encoding="utf-8"?>
2<manifest xmlns:android="http://schemas.android.com/apk/res/android"
3    package="com.example.macrodroid"
4    android:versionCode="1"
5    android:versionName="1.0" >
6
7    <uses-sdk
8        android:minSdkVersion="24"
9        android:targetSdkVersion="34" />
10
11    <uses-permission android:name="android.permission.ACCESS_WIFI_STATE" />
11-->src\main\AndroidManifest.xml:4:5-76
11-->src\main\AndroidManifest.xml:4:22-73
12    <uses-permission android:name="android.permission.CHANGE_WIFI_STATE" />
12-->src\main\AndroidManifest.xml:5:5-76
12-->src\main\AndroidManifest.xml:5:22-73
13    <uses-permission android:name="android.permission.ACCESS_NETWORK_STATE" />
13-->src\main\AndroidManifest.xml:6:5-79
13-->src\main\AndroidManifest.xml:6:22-76
14    <uses-permission android:name="android.permission.ACCESS_FINE_LOCATION" />
14-->src\main\AndroidManifest.xml:7:5-79
14-->src\main\AndroidManifest.xml:7:22-76
15    <uses-permission android:name="android.permission.ACCESS_COARSE_LOCATION" />
15-->src\main\AndroidManifest.xml:8:5-81
15-->src\main\AndroidManifest.xml:8:22-78
16    <uses-permission android:name="android.permission.BLUETOOTH" />
16-->src\main\AndroidManifest.xml:9:5-68
16-->src\main\AndroidManifest.xml:9:22-65
17    <uses-permission android:name="android.permission.BLUETOOTH_ADMIN" />
17-->src\main\AndroidManifest.xml:10:5-74
17-->src\main\AndroidManifest.xml:10:22-71
18    <uses-permission android:name="android.permission.BLUETOOTH_CONNECT" />
18-->src\main\AndroidManifest.xml:11:5-76
18-->src\main\AndroidManifest.xml:11:22-73
19    <uses-permission android:name="android.permission.BLUETOOTH_SCAN" />
19-->src\main\AndroidManifest.xml:12:5-73
19-->src\main\AndroidManifest.xml:12:22-70
20    <uses-permission android:name="android.permission.RECEIVE_BOOT_COMPLETED" />
20-->src\main\AndroidManifest.xml:13:5-81
20-->src\main\AndroidManifest.xml:13:22-78
21    <uses-permission android:name="android.permission.VIBRATE" />
21-->src\main\AndroidManifest.xml:14:5-66
21-->src\main\AndroidManifest.xml:14:22-63
22    <uses-permission android:name="android.permission.RECEIVE_SMS" />
22-->src\main\AndroidManifest.xml:15:5-70
22-->src\main\AndroidManifest.xml:15:22-67
23    <uses-permission android:name="android.permission.READ_SMS" />
23-->src\main\AndroidManifest.xml:16:5-67
23-->src\main\AndroidManifest.xml:16:22-64
24    <uses-permission android:name="android.permission.MODIFY_AUDIO_SETTINGS" />
24-->src\main\AndroidManifest.xml:17:5-80
24-->src\main\AndroidManifest.xml:17:22-77
25    <uses-permission android:name="android.permission.CHANGE_CONFIGURATION" />
25-->src\main\AndroidManifest.xml:18:5-79
25-->src\main\AndroidManifest.xml:18:22-76
26    <uses-permission android:name="android.permission.WRITE_SETTINGS" />
26-->src\main\AndroidManifest.xml:19:5-73
26-->src\main\AndroidManifest.xml:19:22-70
27    <uses-permission android:name="android.permission.READ_PHONE_STATE" />
27-->src\main\AndroidManifest.xml:20:5-75
27-->src\main\AndroidManifest.xml:20:22-72
28    <uses-permission android:name="android.permission.POST_NOTIFICATIONS" />
28-->src\main\AndroidManifest.xml:21:5-77
28-->src\main\AndroidManifest.xml:21:22-74
29    <uses-permission android:name="android.permission.SCHEDULE_EXACT_ALARM" />
29-->src\main\AndroidManifest.xml:22:5-79
29-->src\main\AndroidManifest.xml:22:22-76
30    <uses-permission android:name="android.permission.USE_FULL_SCREEN_INTENT" />
30-->src\main\AndroidManifest.xml:23:5-81
30-->src\main\AndroidManifest.xml:23:22-78
31    <uses-permission android:name="android.permission.SYSTEM_ALERT_WINDOW" />
31-->src\main\AndroidManifest.xml:24:5-78
31-->src\main\AndroidManifest.xml:24:22-75
32    <uses-permission android:name="android.permission.FOREGROUND_SERVICE" />
32-->src\main\AndroidManifest.xml:25:5-77
32-->src\main\AndroidManifest.xml:25:22-74
33    <uses-permission android:name="android.permission.FOREGROUND_SERVICE_SPECIAL_USE" />
33-->src\main\AndroidManifest.xml:26:5-89
33-->src\main\AndroidManifest.xml:26:22-86
34    <uses-permission android:name="android.permission.PACKAGE_USAGE_STATS" />
34-->src\main\AndroidManifest.xml:27:5-78
34-->src\main\AndroidManifest.xml:27:22-75
35
36    <permission
36-->[androidx.core:core:1.12.0] AndroidManifest.xml:22:5-24:47
37        android:name="com.example.macrodroid.DYNAMIC_RECEIVER_NOT_EXPORTED_PERMISSION"
37-->[androidx.core:core:1.12.0] AndroidManifest.xml:23:9-81
38        android:protectionLevel="signature" />
38-->[androidx.core:core:1.12.0] AndroidManifest.xml:24:9-44
39
40    <uses-permission android:name="com.example.macrodroid.DYNAMIC_RECEIVER_NOT_EXPORTED_PERMISSION" />
40-->[androidx.core:core:1.12.0] AndroidManifest.xml:26:5-97
40-->[androidx.core:core:1.12.0] AndroidManifest.xml:26:22-94
41
42    <application
42-->src\main\AndroidManifest.xml:29:5-111:19
43        android:allowBackup="true"
43-->src\main\AndroidManifest.xml:30:9-35
44        android:appComponentFactory="androidx.core.app.CoreComponentFactory"
44-->[androidx.core:core:1.12.0] AndroidManifest.xml:28:18-86
45        android:debuggable="true"
46        android:extractNativeLibs="false"
47        android:icon="@mipmap/ic_launcher"
47-->src\main\AndroidManifest.xml:31:9-43
48        android:label="@string/app_name"
48-->src\main\AndroidManifest.xml:32:9-41
49        android:roundIcon="@mipmap/ic_launcher_round"
49-->src\main\AndroidManifest.xml:33:9-54
50        android:supportsRtl="true"
50-->src\main\AndroidManifest.xml:34:9-35
51        android:theme="@style/Theme.MacroDroid" >
51-->src\main\AndroidManifest.xml:35:9-48
52        <activity
52-->src\main\AndroidManifest.xml:37:9-45:20
53            android:name="com.example.macrodroid.ui.MainActivity"
53-->src\main\AndroidManifest.xml:38:13-44
54            android:exported="true"
54-->src\main\AndroidManifest.xml:39:13-36
55            android:theme="@style/Theme.MacroDroid" >
55-->src\main\AndroidManifest.xml:40:13-52
56            <intent-filter>
56-->src\main\AndroidManifest.xml:41:13-44:29
57                <action android:name="android.intent.action.MAIN" />
57-->src\main\AndroidManifest.xml:42:17-69
57-->src\main\AndroidManifest.xml:42:25-66
58
59                <category android:name="android.intent.category.LAUNCHER" />
59-->src\main\AndroidManifest.xml:43:17-77
59-->src\main\AndroidManifest.xml:43:27-74
60            </intent-filter>
61        </activity>
62        <activity
62-->src\main\AndroidManifest.xml:47:9-50:61
63            android:name="com.example.macrodroid.ui.MacroDetailActivity"
63-->src\main\AndroidManifest.xml:48:13-51
64            android:exported="false"
64-->src\main\AndroidManifest.xml:49:13-37
65            android:parentActivityName="com.example.macrodroid.ui.MainActivity" />
65-->src\main\AndroidManifest.xml:50:13-58
66        <activity
66-->src\main\AndroidManifest.xml:52:9-55:68
67            android:name="com.example.macrodroid.ui.TriggerSelectionActivity"
67-->src\main\AndroidManifest.xml:53:13-56
68            android:exported="false"
68-->src\main\AndroidManifest.xml:54:13-37
69            android:parentActivityName="com.example.macrodroid.ui.MacroDetailActivity" />
69-->src\main\AndroidManifest.xml:55:13-65
70        <activity
70-->src\main\AndroidManifest.xml:57:9-60:68
71            android:name="com.example.macrodroid.ui.ActionSelectionActivity"
71-->src\main\AndroidManifest.xml:58:13-55
72            android:exported="false"
72-->src\main\AndroidManifest.xml:59:13-37
73            android:parentActivityName="com.example.macrodroid.ui.MacroDetailActivity" />
73-->src\main\AndroidManifest.xml:60:13-65
74        <activity
74-->src\main\AndroidManifest.xml:62:9-65:61
75            android:name="com.example.macrodroid.ui.TriggerLogActivity"
75-->src\main\AndroidManifest.xml:63:13-50
76            android:exported="false"
76-->src\main\AndroidManifest.xml:64:13-37
77            android:parentActivityName="com.example.macrodroid.ui.MainActivity" />
77-->src\main\AndroidManifest.xml:65:13-58
78        <activity
78-->src\main\AndroidManifest.xml:67:9-70:61
79            android:name="com.example.macrodroid.ui.XiaomiPermissionGuideActivity"
79-->src\main\AndroidManifest.xml:68:13-61
80            android:exported="false"
80-->src\main\AndroidManifest.xml:69:13-37
81            android:parentActivityName="com.example.macrodroid.ui.MainActivity" />
81-->src\main\AndroidManifest.xml:70:13-58
82
83        <service
83-->src\main\AndroidManifest.xml:72:9-79:19
84            android:name="com.example.macrodroid.domain.MacroService"
84-->src\main\AndroidManifest.xml:73:13-48
85            android:exported="false"
85-->src\main\AndroidManifest.xml:74:13-37
86            android:foregroundServiceType="specialUse" >
86-->src\main\AndroidManifest.xml:75:13-55
87            <property
87-->src\main\AndroidManifest.xml:76:13-78:52
88                android:name="android.app.PROPERTY_SPECIAL_USE_FGS_SUBTYPE"
88-->src\main\AndroidManifest.xml:77:17-76
89                android:value="macro_automation" />
89-->src\main\AndroidManifest.xml:78:17-49
90        </service>
91
92        <receiver
92-->src\main\AndroidManifest.xml:81:9-88:20
93            android:name="com.example.macrodroid.domain.BootReceiver"
93-->src\main\AndroidManifest.xml:82:13-48
94            android:exported="true" >
94-->src\main\AndroidManifest.xml:83:13-36
95            <intent-filter>
95-->src\main\AndroidManifest.xml:84:13-87:29
96                <action android:name="android.intent.action.BOOT_COMPLETED" />
96-->src\main\AndroidManifest.xml:85:17-79
96-->src\main\AndroidManifest.xml:85:25-76
97                <action android:name="android.intent.action.QUICKBOOT_POWERON" />
97-->src\main\AndroidManifest.xml:86:17-82
97-->src\main\AndroidManifest.xml:86:25-79
98            </intent-filter>
99        </receiver>
100        <receiver
100-->src\main\AndroidManifest.xml:90:9-92:40
101            android:name="com.example.macrodroid.trigger.TimeTriggerReceiver"
101-->src\main\AndroidManifest.xml:91:13-56
102            android:exported="false" />
102-->src\main\AndroidManifest.xml:92:13-37
103        <receiver
103-->src\main\AndroidManifest.xml:94:9-96:40
104            android:name="com.example.macrodroid.trigger.LocationTriggerReceiver"
104-->src\main\AndroidManifest.xml:95:13-60
105            android:exported="false" />
105-->src\main\AndroidManifest.xml:96:13-37
106        <receiver
106-->src\main\AndroidManifest.xml:98:9-100:40
107            android:name="com.example.macrodroid.trigger.BatteryTriggerReceiver"
107-->src\main\AndroidManifest.xml:99:13-59
108            android:exported="false" />
108-->src\main\AndroidManifest.xml:100:13-37
109        <receiver
109-->src\main\AndroidManifest.xml:102:9-109:20
110            android:name="com.example.macrodroid.trigger.SmsTriggerReceiver"
110-->src\main\AndroidManifest.xml:103:13-55
111            android:exported="true"
111-->src\main\AndroidManifest.xml:104:13-36
112            android:permission="android.permission.BROADCAST_SMS" >
112-->src\main\AndroidManifest.xml:105:13-66
113            <intent-filter android:priority="2147483647" >
113-->src\main\AndroidManifest.xml:106:13-108:29
113-->src\main\AndroidManifest.xml:106:28-57
114                <action android:name="android.provider.Telephony.SMS_RECEIVED" />
114-->src\main\AndroidManifest.xml:107:17-82
114-->src\main\AndroidManifest.xml:107:25-79
115            </intent-filter>
116        </receiver>
117
118        <provider
118-->[androidx.emoji2:emoji2:1.2.0] AndroidManifest.xml:24:9-32:20
119            android:name="androidx.startup.InitializationProvider"
119-->[androidx.emoji2:emoji2:1.2.0] AndroidManifest.xml:25:13-67
120            android:authorities="com.example.macrodroid.androidx-startup"
120-->[androidx.emoji2:emoji2:1.2.0] AndroidManifest.xml:26:13-68
121            android:exported="false" >
121-->[androidx.emoji2:emoji2:1.2.0] AndroidManifest.xml:27:13-37
122            <meta-data
122-->[androidx.emoji2:emoji2:1.2.0] AndroidManifest.xml:29:13-31:52
123                android:name="androidx.emoji2.text.EmojiCompatInitializer"
123-->[androidx.emoji2:emoji2:1.2.0] AndroidManifest.xml:30:17-75
124                android:value="androidx.startup" />
124-->[androidx.emoji2:emoji2:1.2.0] AndroidManifest.xml:31:17-49
125            <meta-data
125-->[androidx.lifecycle:lifecycle-process:2.7.0] AndroidManifest.xml:29:13-31:52
126                android:name="androidx.lifecycle.ProcessLifecycleInitializer"
126-->[androidx.lifecycle:lifecycle-process:2.7.0] AndroidManifest.xml:30:17-78
127                android:value="androidx.startup" />
127-->[androidx.lifecycle:lifecycle-process:2.7.0] AndroidManifest.xml:31:17-49
128            <meta-data
128-->[androidx.profileinstaller:profileinstaller:1.3.0] AndroidManifest.xml:29:13-31:52
129                android:name="androidx.profileinstaller.ProfileInstallerInitializer"
129-->[androidx.profileinstaller:profileinstaller:1.3.0] AndroidManifest.xml:30:17-85
130                android:value="androidx.startup" />
130-->[androidx.profileinstaller:profileinstaller:1.3.0] AndroidManifest.xml:31:17-49
131        </provider>
132
133        <uses-library
133-->[androidx.window:window:1.0.0] AndroidManifest.xml:25:9-27:40
134            android:name="androidx.window.extensions"
134-->[androidx.window:window:1.0.0] AndroidManifest.xml:26:13-54
135            android:required="false" />
135-->[androidx.window:window:1.0.0] AndroidManifest.xml:27:13-37
136        <uses-library
136-->[androidx.window:window:1.0.0] AndroidManifest.xml:28:9-30:40
137            android:name="androidx.window.sidecar"
137-->[androidx.window:window:1.0.0] AndroidManifest.xml:29:13-51
138            android:required="false" />
138-->[androidx.window:window:1.0.0] AndroidManifest.xml:30:13-37
139
140        <receiver
140-->[androidx.profileinstaller:profileinstaller:1.3.0] AndroidManifest.xml:34:9-52:20
141            android:name="androidx.profileinstaller.ProfileInstallReceiver"
141-->[androidx.profileinstaller:profileinstaller:1.3.0] AndroidManifest.xml:35:13-76
142            android:directBootAware="false"
142-->[androidx.profileinstaller:profileinstaller:1.3.0] AndroidManifest.xml:36:13-44
143            android:enabled="true"
143-->[androidx.profileinstaller:profileinstaller:1.3.0] AndroidManifest.xml:37:13-35
144            android:exported="true"
144-->[androidx.profileinstaller:profileinstaller:1.3.0] AndroidManifest.xml:38:13-36
145            android:permission="android.permission.DUMP" >
145-->[androidx.profileinstaller:profileinstaller:1.3.0] AndroidManifest.xml:39:13-57
146            <intent-filter>
146-->[androidx.profileinstaller:profileinstaller:1.3.0] AndroidManifest.xml:40:13-42:29
147                <action android:name="androidx.profileinstaller.action.INSTALL_PROFILE" />
147-->[androidx.profileinstaller:profileinstaller:1.3.0] AndroidManifest.xml:41:17-91
147-->[androidx.profileinstaller:profileinstaller:1.3.0] AndroidManifest.xml:41:25-88
148            </intent-filter>
149            <intent-filter>
149-->[androidx.profileinstaller:profileinstaller:1.3.0] AndroidManifest.xml:43:13-45:29
150                <action android:name="androidx.profileinstaller.action.SKIP_FILE" />
150-->[androidx.profileinstaller:profileinstaller:1.3.0] AndroidManifest.xml:44:17-85
150-->[androidx.profileinstaller:profileinstaller:1.3.0] AndroidManifest.xml:44:25-82
151            </intent-filter>
152            <intent-filter>
152-->[androidx.profileinstaller:profileinstaller:1.3.0] AndroidManifest.xml:46:13-48:29
153                <action android:name="androidx.profileinstaller.action.SAVE_PROFILE" />
153-->[androidx.profileinstaller:profileinstaller:1.3.0] AndroidManifest.xml:47:17-88
153-->[androidx.profileinstaller:profileinstaller:1.3.0] AndroidManifest.xml:47:25-85
154            </intent-filter>
155            <intent-filter>
155-->[androidx.profileinstaller:profileinstaller:1.3.0] AndroidManifest.xml:49:13-51:29
156                <action android:name="androidx.profileinstaller.action.BENCHMARK_OPERATION" />
156-->[androidx.profileinstaller:profileinstaller:1.3.0] AndroidManifest.xml:50:17-95
156-->[androidx.profileinstaller:profileinstaller:1.3.0] AndroidManifest.xml:50:25-92
157            </intent-filter>
158        </receiver>
159    </application>
160
161</manifest>